[0.697s] Invoking command in '/home/mohamed/ROBO202_Project/src/description': PYTHONPATH=/home/mohamed/ROBO202_Project/build/description/prefix_override:/usr/lib/python3/dist-packages/colcon_core/task/python/colcon_distutils_commands:/home/mohamed/ROBO202_Project/install/description/lib/python3.10/site-packages:${PYTHONPATH} /usr/bin/python3 -W ignore:setup.py install is deprecated -W ignore:easy_install command is deprecated setup.py egg_info --egg-base ../../build/description build --build-base /home/mohamed/ROBO202_Project/build/description/build install --record /home/mohamed/ROBO202_Project/build/description/install.log --single-version-externally-managed install_data
[0.938s] running egg_info
[0.939s] writing ../../build/description/description.egg-info/PKG-INFO
[0.939s] writing dependency_links to ../../build/description/description.egg-info/dependency_links.txt
[0.939s] writing entry points to ../../build/description/description.egg-info/entry_points.txt
[0.939s] writing requirements to ../../build/description/description.egg-info/requires.txt
[0.940s] writing top-level names to ../../build/description/description.egg-info/top_level.txt
[0.941s] reading manifest file '../../build/description/description.egg-info/SOURCES.txt'
[0.942s] writing manifest file '../../build/description/description.egg-info/SOURCES.txt'
[0.942s] running build
[0.942s] running build_py
[0.943s] copying description/camera_trigger.py -> /home/mohamed/ROBO202_Project/build/description/build/lib/description
[0.943s] copying description/camera_subscriber.py -> /home/mohamed/ROBO202_Project/build/description/build/lib/description
[0.943s] running install
[0.943s] running install_lib
[0.944s] copying /home/mohamed/ROBO202_Project/build/description/build/lib/description/camera_trigger.py -> /home/mohamed/ROBO202_Project/install/description/lib/python3.10/site-packages/description
[0.944s] copying /home/mohamed/ROBO202_Project/build/description/build/lib/description/camera_subscriber.py -> /home/mohamed/ROBO202_Project/install/description/lib/python3.10/site-packages/description
[0.945s] byte-compiling /home/mohamed/ROBO202_Project/install/description/lib/python3.10/site-packages/description/camera_trigger.py to camera_trigger.cpython-310.pyc
[0.945s] byte-compiling /home/mohamed/ROBO202_Project/install/description/lib/python3.10/site-packages/description/camera_subscriber.py to camera_subscriber.cpython-310.pyc
[0.946s] running install_data
[0.946s] copying urdf/tricycle.urdf -> /home/mohamed/ROBO202_Project/install/description/share/description/urdf
[0.946s] running install_egg_info
[0.948s] removing '/home/mohamed/ROBO202_Project/install/description/lib/python3.10/site-packages/description-0.0.0-py3.10.egg-info' (and everything under it)
[0.949s] Copying ../../build/description/description.egg-info to /home/mohamed/ROBO202_Project/install/description/lib/python3.10/site-packages/description-0.0.0-py3.10.egg-info
[0.950s] running install_scripts
[0.976s] Installing camera_subscriber script to /home/mohamed/ROBO202_Project/install/description/lib/description
[0.976s] Installing camera_trigger script to /home/mohamed/ROBO202_Project/install/description/lib/description
[0.976s] Installing exe script to /home/mohamed/ROBO202_Project/install/description/lib/description
[0.977s] writing list of installed files to '/home/mohamed/ROBO202_Project/build/description/install.log'
[1.004s] Invoked command in '/home/mohamed/ROBO202_Project/src/description' returned '0': PYTHONPATH=/home/mohamed/ROBO202_Project/build/description/prefix_override:/usr/lib/python3/dist-packages/colcon_core/task/python/colcon_distutils_commands:/home/mohamed/ROBO202_Project/install/description/lib/python3.10/site-packages:${PYTHONPATH} /usr/bin/python3 -W ignore:setup.py install is deprecated -W ignore:easy_install command is deprecated setup.py egg_info --egg-base ../../build/description build --build-base /home/mohamed/ROBO202_Project/build/description/build install --record /home/mohamed/ROBO202_Project/build/description/install.log --single-version-externally-managed install_data
