running egg_info
writing ../../build/description/description.egg-info/PKG-INFO
writing dependency_links to ../../build/description/description.egg-info/dependency_links.txt
writing entry points to ../../build/description/description.egg-info/entry_points.txt
writing requirements to ../../build/description/description.egg-info/requires.txt
writing top-level names to ../../build/description/description.egg-info/top_level.txt
reading manifest file '../../build/description/description.egg-info/SOURCES.txt'
writing manifest file '../../build/description/description.egg-info/SOURCES.txt'
running build
running build_py
running install
running install_lib
running install_data
copying urdf/tricycle.urdf -> /home/mohammed/ROBO202_Project/install/description/share/description/urdf
running install_egg_info
removing '/home/mohammed/ROBO202_Project/install/description/lib/python3.10/site-packages/description-0.0.1-py3.10.egg-info' (and everything under it)
Copying ../../build/description/description.egg-info to /home/mohammed/ROBO202_Project/install/description/lib/python3.10/site-packages/description-0.0.1-py3.10.egg-info
running install_scripts
Installing camera_sub script to /home/mohammed/ROBO202_Project/install/description/lib/description
Installing exe script to /home/mohammed/ROBO202_Project/install/description/lib/description
writing list of installed files to '/home/mohammed/ROBO202_Project/build/description/install.log'
