[0.994s] Invoking command in '/home/mohamed/ROBO202_Project/src/description': PYTHONPATH=/home/mohamed/ROBO202_Project/build/description/prefix_override:/usr/lib/python3/dist-packages/colcon_core/task/python/colcon_distutils_commands:/home/mohamed/ROBO202_Project/install/description/lib/python3.10/site-packages:${PYTHONPATH} /usr/bin/python3 -W ignore:setup.py install is deprecated -W ignore:easy_install command is deprecated setup.py egg_info --egg-base ../../build/description build --build-base /home/mohamed/ROBO202_Project/build/description/build install --record /home/mohamed/ROBO202_Project/build/description/install.log --single-version-externally-managed install_data
[1.281s] running egg_info
[1.283s] writing ../../build/description/description.egg-info/PKG-INFO
[1.283s] writing dependency_links to ../../build/description/description.egg-info/dependency_links.txt
[1.284s] writing entry points to ../../build/description/description.egg-info/entry_points.txt
[1.284s] writing requirements to ../../build/description/description.egg-info/requires.txt
[1.285s] writing top-level names to ../../build/description/description.egg-info/top_level.txt
[1.288s] reading manifest file '../../build/description/description.egg-info/SOURCES.txt'
[1.290s] writing manifest file '../../build/description/description.egg-info/SOURCES.txt'
[1.290s] running build
[1.291s] running build_py
[1.291s] copying description/camera_subscriber.py -> /home/mohamed/ROBO202_Project/build/description/build/lib/description
[1.291s] running install
[1.292s] running install_lib
[1.294s] copying /home/mohamed/ROBO202_Project/build/description/build/lib/description/camera_subscriber.py -> /home/mohamed/ROBO202_Project/install/description/lib/python3.10/site-packages/description
[1.295s] byte-compiling /home/mohamed/ROBO202_Project/install/description/lib/python3.10/site-packages/description/camera_subscriber.py to camera_subscriber.cpython-310.pyc
[1.296s] running install_data
[1.296s] copying urdf/tricycle.urdf -> /home/mohamed/ROBO202_Project/install/description/share/description/urdf
[1.297s] running install_egg_info
[1.301s] removing '/home/mohamed/ROBO202_Project/install/description/lib/python3.10/site-packages/description-0.0.0-py3.10.egg-info' (and everything under it)
[1.302s] Copying ../../build/description/description.egg-info to /home/mohamed/ROBO202_Project/install/description/lib/python3.10/site-packages/description-0.0.0-py3.10.egg-info
[1.303s] running install_scripts
[1.356s] Installing camera_subscriber script to /home/mohamed/ROBO202_Project/install/description/lib/description
[1.357s] Installing exe script to /home/mohamed/ROBO202_Project/install/description/lib/description
[1.358s] writing list of installed files to '/home/mohamed/ROBO202_Project/build/description/install.log'
[1.410s] Invoked command in '/home/mohamed/ROBO202_Project/src/description' returned '0': PYTHONPATH=/home/mohamed/ROBO202_Project/build/description/prefix_override:/usr/lib/python3/dist-packages/colcon_core/task/python/colcon_distutils_commands:/home/mohamed/ROBO202_Project/install/description/lib/python3.10/site-packages:${PYTHONPATH} /usr/bin/python3 -W ignore:setup.py install is deprecated -W ignore:easy_install command is deprecated setup.py egg_info --egg-base ../../build/description build --build-base /home/mohamed/ROBO202_Project/build/description/build install --record /home/mohamed/ROBO202_Project/build/description/install.log --single-version-externally-managed install_data
