[0.303s] Invoking command in '/home/mohammed/ROBO202_Project/src/description': PYTHONPATH=/home/mohammed/ROBO202_Project/build/description/prefix_override:/usr/lib/python3/dist-packages/colcon_core/task/python/colcon_distutils_commands:/home/mohammed/ROBO202_Project/install/description/lib/python3.10/site-packages:${PYTHONPATH} /usr/bin/python3 -W ignore:setup.py install is deprecated -W ignore:easy_install command is deprecated setup.py egg_info --egg-base ../../build/description build --build-base /home/mohammed/ROBO202_Project/build/description/build install --record /home/mohammed/ROBO202_Project/build/description/install.log --single-version-externally-managed install_data
[0.432s] running egg_info
[0.432s] writing ../../build/description/description.egg-info/PKG-INFO
[0.433s] writing dependency_links to ../../build/description/description.egg-info/dependency_links.txt
[0.433s] writing entry points to ../../build/description/description.egg-info/entry_points.txt
[0.433s] writing requirements to ../../build/description/description.egg-info/requires.txt
[0.433s] writing top-level names to ../../build/description/description.egg-info/top_level.txt
[0.433s] reading manifest file '../../build/description/description.egg-info/SOURCES.txt'
[0.435s] writing manifest file '../../build/description/description.egg-info/SOURCES.txt'
[0.435s] running build
[0.435s] running build_py
[0.435s] running install
[0.435s] running install_lib
[0.435s] running install_data
[0.435s] copying urdf/tricycle.urdf -> /home/mohammed/ROBO202_Project/install/description/share/description/urdf
[0.436s] running install_egg_info
[0.436s] removing '/home/mohammed/ROBO202_Project/install/description/lib/python3.10/site-packages/description-0.0.1-py3.10.egg-info' (and everything under it)
[0.437s] Copying ../../build/description/description.egg-info to /home/mohammed/ROBO202_Project/install/description/lib/python3.10/site-packages/description-0.0.1-py3.10.egg-info
[0.437s] running install_scripts
[0.450s] Installing camera_sub script to /home/mohammed/ROBO202_Project/install/description/lib/description
[0.451s] Installing exe script to /home/mohammed/ROBO202_Project/install/description/lib/description
[0.451s] writing list of installed files to '/home/mohammed/ROBO202_Project/build/description/install.log'
[0.466s] Invoked command in '/home/mohammed/ROBO202_Project/src/description' returned '0': PYTHONPATH=/home/mohammed/ROBO202_Project/build/description/prefix_override:/usr/lib/python3/dist-packages/colcon_core/task/python/colcon_distutils_commands:/home/mohammed/ROBO202_Project/install/description/lib/python3.10/site-packages:${PYTHONPATH} /usr/bin/python3 -W ignore:setup.py install is deprecated -W ignore:easy_install command is deprecated setup.py egg_info --egg-base ../../build/description build --build-base /home/mohammed/ROBO202_Project/build/description/build install --record /home/mohammed/ROBO202_Project/build/description/install.log --single-version-externally-managed install_data
