running egg_info
creating ../../build/description/description.egg-info
writing ../../build/description/description.egg-info/PKG-INFO
writing dependency_links to ../../build/description/description.egg-info/dependency_links.txt
writing entry points to ../../build/description/description.egg-info/entry_points.txt
writing requirements to ../../build/description/description.egg-info/requires.txt
writing top-level names to ../../build/description/description.egg-info/top_level.txt
writing manifest file '../../build/description/description.egg-info/SOURCES.txt'
reading manifest file '../../build/description/description.egg-info/SOURCES.txt'
writing manifest file '../../build/description/description.egg-info/SOURCES.txt'
running build
running build_py
creating /home/mohamed/ROBO202_Project/build/description/build
creating /home/mohamed/ROBO202_Project/build/description/build/lib
creating /home/mohamed/ROBO202_Project/build/description/build/lib/description
copying description/__init__.py -> /home/mohamed/ROBO202_Project/build/description/build/lib/description
running install
running install_lib
creating /home/mohamed/ROBO202_Project/install/description/lib/python3.10/site-packages/description
copying /home/mohamed/ROBO202_Project/build/description/build/lib/description/__init__.py -> /home/mohamed/ROBO202_Project/install/description/lib/python3.10/site-packages/description
byte-compiling /home/mohamed/ROBO202_Project/install/description/lib/python3.10/site-packages/description/__init__.py to __init__.cpython-310.pyc
running install_data
creating /home/mohamed/ROBO202_Project/install/description/share/ament_index
creating /home/mohamed/ROBO202_Project/install/description/share/ament_index/resource_index
creating /home/mohamed/ROBO202_Project/install/description/share/ament_index/resource_index/packages
copying resource/description -> /home/mohamed/ROBO202_Project/install/description/share/ament_index/resource_index/packages
copying package.xml -> /home/mohamed/ROBO202_Project/install/description/share/description
creating /home/mohamed/ROBO202_Project/install/description/share/description/urdf
copying urdf/obstacle.urdf -> /home/mohamed/ROBO202_Project/install/description/share/description/urdf
copying urdf/tricycle.urdf -> /home/mohamed/ROBO202_Project/install/description/share/description/urdf
creating /home/mohamed/ROBO202_Project/install/description/share/description/launch
copying launch/gazebo.launch.py -> /home/mohamed/ROBO202_Project/install/description/share/description/launch
running install_egg_info
Copying ../../build/description/description.egg-info to /home/mohamed/ROBO202_Project/install/description/lib/python3.10/site-packages/description-0.0.0-py3.10.egg-info
running install_scripts
writing list of installed files to '/home/mohamed/ROBO202_Project/build/description/install.log'
