/home/mohammed/ROBO202_Project/install/description/lib/python3.10/site-packages/description/print_val.py
/home/mohammed/ROBO202_Project/install/description/lib/python3.10/site-packages/description/__init__.py
/home/mohammed/ROBO202_Project/install/description/lib/python3.10/site-packages/description/camera_sub.py
/home/mohammed/ROBO202_Project/install/description/lib/python3.10/site-packages/description/__pycache__/print_val.cpython-310.pyc
/home/mohammed/ROBO202_Project/install/description/lib/python3.10/site-packages/description/__pycache__/__init__.cpython-310.pyc
/home/mohammed/ROBO202_Project/install/description/lib/python3.10/site-packages/description/__pycache__/camera_sub.cpython-310.pyc
/home/mohammed/ROBO202_Project/install/description/share/ament_index/resource_index/packages/description
/home/mohammed/ROBO202_Project/install/description/share/description/package.xml
/home/mohammed/ROBO202_Project/install/description/share/description/urdf/obstacle.urdf
/home/mohammed/ROBO202_Project/install/description/share/description/urdf/tricycle.urdf
/home/mohammed/ROBO202_Project/install/description/share/description/launch/gazebo.launch.py
/home/mohammed/ROBO202_Project/install/description/lib/python3.10/site-packages/description-0.0.1-py3.10.egg-info/requires.txt
/home/mohammed/ROBO202_Project/install/description/lib/python3.10/site-packages/description-0.0.1-py3.10.egg-info/zip-safe
/home/mohammed/ROBO202_Project/install/description/lib/python3.10/site-packages/description-0.0.1-py3.10.egg-info/top_level.txt
/home/mohammed/ROBO202_Project/install/description/lib/python3.10/site-packages/description-0.0.1-py3.10.egg-info/entry_points.txt
/home/mohammed/ROBO202_Project/install/description/lib/python3.10/site-packages/description-0.0.1-py3.10.egg-info/dependency_links.txt
/home/mohammed/ROBO202_Project/install/description/lib/python3.10/site-packages/description-0.0.1-py3.10.egg-info/SOURCES.txt
/home/mohammed/ROBO202_Project/install/description/lib/python3.10/site-packages/description-0.0.1-py3.10.egg-info/PKG-INFO
/home/mohammed/ROBO202_Project/install/description/lib/description/camera_sub
/home/mohammed/ROBO202_Project/install/description/lib/description/exe
