[0.392s] Invoking command in '/home/mohamed/ROBO202_Project/src/description': PYTHONPATH=/home/mohamed/ROBO202_Project/build/description/prefix_override:/usr/lib/python3/dist-packages/colcon_core/task/python/colcon_distutils_commands:/home/mohamed/ROBO202_Project/install/description/lib/python3.10/site-packages:${PYTHONPATH} /usr/bin/python3 -W ignore:setup.py install is deprecated -W ignore:easy_install command is deprecated setup.py egg_info --egg-base ../../build/description build --build-base /home/mohamed/ROBO202_Project/build/description/build install --record /home/mohamed/ROBO202_Project/build/description/install.log --single-version-externally-managed install_data
[0.541s] running egg_info
[0.541s] writing ../../build/description/description.egg-info/PKG-INFO
[0.541s] writing dependency_links to ../../build/description/description.egg-info/dependency_links.txt
[0.541s] writing entry points to ../../build/description/description.egg-info/entry_points.txt
[0.541s] writing requirements to ../../build/description/description.egg-info/requires.txt
[0.542s] writing top-level names to ../../build/description/description.egg-info/top_level.txt
[0.542s] reading manifest file '../../build/description/description.egg-info/SOURCES.txt'
[0.543s] writing manifest file '../../build/description/description.egg-info/SOURCES.txt'
[0.543s] running build
[0.543s] running build_py
[0.543s] running install
[0.543s] running install_lib
[0.544s] running install_data
[0.544s] running install_egg_info
[0.545s] removing '/home/mohamed/ROBO202_Project/install/description/lib/python3.10/site-packages/description-0.0.0-py3.10.egg-info' (and everything under it)
[0.545s] Copying ../../build/description/description.egg-info to /home/mohamed/ROBO202_Project/install/description/lib/python3.10/site-packages/description-0.0.0-py3.10.egg-info
[0.546s] running install_scripts
[0.559s] Installing camera_sub script to /home/mohamed/ROBO202_Project/install/description/lib/description
[0.560s] Installing exe script to /home/mohamed/ROBO202_Project/install/description/lib/description
[0.560s] writing list of installed files to '/home/mohamed/ROBO202_Project/build/description/install.log'
[0.574s] Invoked command in '/home/mohamed/ROBO202_Project/src/description' returned '0': PYTHONPATH=/home/mohamed/ROBO202_Project/build/description/prefix_override:/usr/lib/python3/dist-packages/colcon_core/task/python/colcon_distutils_commands:/home/mohamed/ROBO202_Project/install/description/lib/python3.10/site-packages:${PYTHONPATH} /usr/bin/python3 -W ignore:setup.py install is deprecated -W ignore:easy_install command is deprecated setup.py egg_info --egg-base ../../build/description build --build-base /home/mohamed/ROBO202_Project/build/description/build install --record /home/mohamed/ROBO202_Project/build/description/install.log --single-version-externally-managed install_data
