[0.316s] Invoking command in '/home/mohammed/ROBO202_Project/src/description': PYTHONPATH=/home/mohammed/ROBO202_Project/build/description/prefix_override:/usr/lib/python3/dist-packages/colcon_core/task/python/colcon_distutils_commands:/home/mohammed/ROBO202_Project/install/description/lib/python3.10/site-packages:${PYTHONPATH} /usr/bin/python3 -W ignore:setup.py install is deprecated -W ignore:easy_install command is deprecated setup.py egg_info --egg-base ../../build/description build --build-base /home/mohammed/ROBO202_Project/build/description/build install --record /home/mohammed/ROBO202_Project/build/description/install.log --single-version-externally-managed install_data
[0.440s] running egg_info
[0.441s] creating ../../build/description/description.egg-info
[0.441s] writing ../../build/description/description.egg-info/PKG-INFO
[0.441s] writing dependency_links to ../../build/description/description.egg-info/dependency_links.txt
[0.441s] writing entry points to ../../build/description/description.egg-info/entry_points.txt
[0.441s] writing requirements to ../../build/description/description.egg-info/requires.txt
[0.441s] writing top-level names to ../../build/description/description.egg-info/top_level.txt
[0.441s] writing manifest file '../../build/description/description.egg-info/SOURCES.txt'
[0.442s] reading manifest file '../../build/description/description.egg-info/SOURCES.txt'
[0.443s] writing manifest file '../../build/description/description.egg-info/SOURCES.txt'
[0.443s] running build
[0.443s] running build_py
[0.443s] creating /home/mohammed/ROBO202_Project/build/description/build
[0.443s] creating /home/mohammed/ROBO202_Project/build/description/build/lib
[0.443s] creating /home/mohammed/ROBO202_Project/build/description/build/lib/description
[0.443s] copying description/print_val.py -> /home/mohammed/ROBO202_Project/build/description/build/lib/description
[0.443s] copying description/__init__.py -> /home/mohammed/ROBO202_Project/build/description/build/lib/description
[0.443s] copying description/camera_sub.py -> /home/mohammed/ROBO202_Project/build/description/build/lib/description
[0.443s] running install
[0.443s] running install_lib
[0.444s] creating /home/mohammed/ROBO202_Project/install/description/lib/python3.10/site-packages/description
[0.444s] copying /home/mohammed/ROBO202_Project/build/description/build/lib/description/print_val.py -> /home/mohammed/ROBO202_Project/install/description/lib/python3.10/site-packages/description
[0.444s] copying /home/mohammed/ROBO202_Project/build/description/build/lib/description/__init__.py -> /home/mohammed/ROBO202_Project/install/description/lib/python3.10/site-packages/description
[0.444s] copying /home/mohammed/ROBO202_Project/build/description/build/lib/description/camera_sub.py -> /home/mohammed/ROBO202_Project/install/description/lib/python3.10/site-packages/description
[0.444s] byte-compiling /home/mohammed/ROBO202_Project/install/description/lib/python3.10/site-packages/description/print_val.py to print_val.cpython-310.pyc
[0.444s] byte-compiling /home/mohammed/ROBO202_Project/install/description/lib/python3.10/site-packages/description/__init__.py to __init__.cpython-310.pyc
[0.444s] byte-compiling /home/mohammed/ROBO202_Project/install/description/lib/python3.10/site-packages/description/camera_sub.py to camera_sub.cpython-310.pyc
[0.445s] running install_data
[0.445s] creating /home/mohammed/ROBO202_Project/install/description/share/ament_index
[0.445s] creating /home/mohammed/ROBO202_Project/install/description/share/ament_index/resource_index
[0.445s] creating /home/mohammed/ROBO202_Project/install/description/share/ament_index/resource_index/packages
[0.445s] copying resource/description -> /home/mohammed/ROBO202_Project/install/description/share/ament_index/resource_index/packages
[0.445s] copying package.xml -> /home/mohammed/ROBO202_Project/install/description/share/description
[0.445s] creating /home/mohammed/ROBO202_Project/install/description/share/description/urdf
[0.445s] copying urdf/obstacle.urdf -> /home/mohammed/ROBO202_Project/install/description/share/description/urdf
[0.445s] copying urdf/tricycle.urdf -> /home/mohammed/ROBO202_Project/install/description/share/description/urdf
[0.445s] creating /home/mohammed/ROBO202_Project/install/description/share/description/launch
[0.445s] copying launch/gazebo.launch.py -> /home/mohammed/ROBO202_Project/install/description/share/description/launch
[0.445s] running install_egg_info
[0.446s] Copying ../../build/description/description.egg-info to /home/mohammed/ROBO202_Project/install/description/lib/python3.10/site-packages/description-0.0.1-py3.10.egg-info
[0.446s] running install_scripts
[0.459s] Installing camera_sub script to /home/mohammed/ROBO202_Project/install/description/lib/description
[0.459s] Installing exe script to /home/mohammed/ROBO202_Project/install/description/lib/description
[0.459s] writing list of installed files to '/home/mohammed/ROBO202_Project/build/description/install.log'
[0.473s] Invoked command in '/home/mohammed/ROBO202_Project/src/description' returned '0': PYTHONPATH=/home/mohammed/ROBO202_Project/build/description/prefix_override:/usr/lib/python3/dist-packages/colcon_core/task/python/colcon_distutils_commands:/home/mohammed/ROBO202_Project/install/description/lib/python3.10/site-packages:${PYTHONPATH} /usr/bin/python3 -W ignore:setup.py install is deprecated -W ignore:easy_install command is deprecated setup.py egg_info --egg-base ../../build/description build --build-base /home/mohammed/ROBO202_Project/build/description/build install --record /home/mohammed/ROBO202_Project/build/description/install.log --single-version-externally-managed install_data
