[0.315s] Invoking command in '/home/mohammed/ROBO202_Project/src/description': PYTHONPATH=/home/mohammed/ROBO202_Project/build/description/prefix_override:/usr/lib/python3/dist-packages/colcon_core/task/python/colcon_distutils_commands:/home/mohammed/ROBO202_Project/install/description/lib/python3.10/site-packages:${PYTHONPATH} /usr/bin/python3 -W ignore:setup.py install is deprecated -W ignore:easy_install command is deprecated setup.py egg_info --egg-base ../../build/description build --build-base /home/mohammed/ROBO202_Project/build/description/build install --record /home/mohammed/ROBO202_Project/build/description/install.log --single-version-externally-managed install_data
[0.441s] running egg_info
[0.442s] writing ../../build/description/description.egg-info/PKG-INFO
[0.442s] writing dependency_links to ../../build/description/description.egg-info/dependency_links.txt
[0.442s] writing entry points to ../../build/description/description.egg-info/entry_points.txt
[0.442s] writing requirements to ../../build/description/description.egg-info/requires.txt
[0.442s] writing top-level names to ../../build/description/description.egg-info/top_level.txt
[0.443s] reading manifest file '../../build/description/description.egg-info/SOURCES.txt'
[0.444s] writing manifest file '../../build/description/description.egg-info/SOURCES.txt'
[0.444s] running build
[0.444s] running build_py
[0.444s] copying description/camera_sub.py -> /home/mohammed/ROBO202_Project/build/description/build/lib/description
[0.444s] running install
[0.444s] running install_lib
[0.445s] copying /home/mohammed/ROBO202_Project/build/description/build/lib/description/camera_sub.py -> /home/mohammed/ROBO202_Project/install/description/lib/python3.10/site-packages/description
[0.445s] byte-compiling /home/mohammed/ROBO202_Project/install/description/lib/python3.10/site-packages/description/camera_sub.py to camera_sub.cpython-310.pyc
[0.446s] running install_data
[0.446s] running install_egg_info
[0.447s] removing '/home/mohammed/ROBO202_Project/install/description/lib/python3.10/site-packages/description-0.0.1-py3.10.egg-info' (and everything under it)
[0.447s] Copying ../../build/description/description.egg-info to /home/mohammed/ROBO202_Project/install/description/lib/python3.10/site-packages/description-0.0.1-py3.10.egg-info
[0.447s] running install_scripts
[0.460s] Installing camera_sub script to /home/mohammed/ROBO202_Project/install/description/lib/description
[0.460s] Installing exe script to /home/mohammed/ROBO202_Project/install/description/lib/description
[0.460s] writing list of installed files to '/home/mohammed/ROBO202_Project/build/description/install.log'
[0.475s] Invoked command in '/home/mohammed/ROBO202_Project/src/description' returned '0': PYTHONPATH=/home/mohammed/ROBO202_Project/build/description/prefix_override:/usr/lib/python3/dist-packages/colcon_core/task/python/colcon_distutils_commands:/home/mohammed/ROBO202_Project/install/description/lib/python3.10/site-packages:${PYTHONPATH} /usr/bin/python3 -W ignore:setup.py install is deprecated -W ignore:easy_install command is deprecated setup.py egg_info --egg-base ../../build/description build --build-base /home/mohammed/ROBO202_Project/build/description/build install --record /home/mohammed/ROBO202_Project/build/description/install.log --single-version-externally-managed install_data
