[1.467s] Invoking command in '/home/mohamed/ROBO202_Project/src/description': PYTHONPATH=/home/mohamed/ROBO202_Project/build/description/prefix_override:/usr/lib/python3/dist-packages/colcon_core/task/python/colcon_distutils_commands:/home/mohamed/ROBO202_Project/install/description/lib/python3.10/site-packages:${PYTHONPATH} /usr/bin/python3 -W ignore:setup.py install is deprecated -W ignore:easy_install command is deprecated setup.py egg_info --egg-base ../../build/description build --build-base /home/mohamed/ROBO202_Project/build/description/build install --record /home/mohamed/ROBO202_Project/build/description/install.log --single-version-externally-managed install_data
[2.086s] running egg_info
[2.087s] writing ../../build/description/description.egg-info/PKG-INFO
[2.088s] writing dependency_links to ../../build/description/description.egg-info/dependency_links.txt
[2.089s] writing entry points to ../../build/description/description.egg-info/entry_points.txt
[2.089s] writing requirements to ../../build/description/description.egg-info/requires.txt
[2.089s] writing top-level names to ../../build/description/description.egg-info/top_level.txt
[2.093s] reading manifest file '../../build/description/description.egg-info/SOURCES.txt'
[2.095s] writing manifest file '../../build/description/description.egg-info/SOURCES.txt'
[2.095s] running build
[2.095s] running build_py
[2.095s] running install
[2.096s] running install_lib
[2.098s] running install_data
[2.098s] copying launch/gazebo.launch.py -> /home/mohamed/ROBO202_Project/install/description/share/description/launch
[2.099s] running install_egg_info
[2.101s] removing '/home/mohamed/ROBO202_Project/install/description/lib/python3.10/site-packages/description-0.0.0-py3.10.egg-info' (and everything under it)
[2.102s] Copying ../../build/description/description.egg-info to /home/mohamed/ROBO202_Project/install/description/lib/python3.10/site-packages/description-0.0.0-py3.10.egg-info
[2.103s] running install_scripts
[2.134s] Installing exe script to /home/mohamed/ROBO202_Project/install/description/lib/description
[2.134s] writing list of installed files to '/home/mohamed/ROBO202_Project/build/description/install.log'
[2.174s] Invoked command in '/home/mohamed/ROBO202_Project/src/description' returned '0': PYTHONPATH=/home/mohamed/ROBO202_Project/build/description/prefix_override:/usr/lib/python3/dist-packages/colcon_core/task/python/colcon_distutils_commands:/home/mohamed/ROBO202_Project/install/description/lib/python3.10/site-packages:${PYTHONPATH} /usr/bin/python3 -W ignore:setup.py install is deprecated -W ignore:easy_install command is deprecated setup.py egg_info --egg-base ../../build/description build --build-base /home/mohamed/ROBO202_Project/build/description/build install --record /home/mohamed/ROBO202_Project/build/description/install.log --single-version-externally-managed install_data
